code/dynamic-example/build/outputs/logs/manifest-merger-debug-report.txt
-- Merging decision tree log ---
manifest
ADDED from code/dynamic-example/AndroidManifest.xml:2:1-20:12
	package
		ADDED from code/dynamic-example/AndroidManifest.xml:3:11-52
	android:versionName
		ADDED from code/dynamic-example/AndroidManifest.xml:5:11-36
		INJECTED from code/dynamic-example/AndroidManifest.xml
		INJECTED from code/dynamic-example/AndroidManifest.xml
	android:versionCode
		ADDED from code/dynamic-example/AndroidManifest.xml:4:11-34
		INJECTED from code/dynamic-example/AndroidManifest.xml
		INJECTED from code/dynamic-example/AndroidManifest.xml
	xmlns:android
		ADDED from code/dynamic-example/AndroidManifest.xml:2:11-69
uses-sdk
ADDED from code/dynamic-example/AndroidManifest.xml:7:5-72
MERGED from [code:dynamicgrid:unspecified] AndroidManifest.xml:7:5-9:41
	android:targetSdkVersion
		ADDED from code/dynamic-example/AndroidManifest.xml:7:41-70
	android:minSdkVersion
		ADDED from code/dynamic-example/AndroidManifest.xml:7:15-40
application
ADDED from code/dynamic-example/AndroidManifest.xml:8:5-19:19
	android:label
		ADDED from code/dynamic-example/AndroidManifest.xml:9:13-45
	android:icon
		ADDED from code/dynamic-example/AndroidManifest.xml:10:13-49
activity#org.askerov.dynamicgrid.example.GridActivity
ADDED from code/dynamic-example/AndroidManifest.xml:11:9-18:20
	android:label
		ADDED from code/dynamic-example/AndroidManifest.xml:13:17-49
	android:name
		ADDED from code/dynamic-example/AndroidManifest.xml:12:17-44
intent-filter#android.intent.action.MAIN+android.intent.category.LAUNCHER
ADDED from code/dynamic-example/AndroidManifest.xml:14:13-17:29
action#android.intent.action.MAIN
ADDED from code/dynamic-example/AndroidManifest.xml:15:17-68
	android:name
		ADDED from code/dynamic-example/AndroidManifest.xml:15:25-66
category#android.intent.category.LAUNCHER
ADDED from code/dynamic-example/AndroidManifest.xml:16:17-76
	android:name
		ADDED from code/dynamic-example/AndroidManifest.xml:16:27-74